<?xml version="1.0" encoding="UTF-8"?>
<testng-results skipped="0" failed="1" ignored="0" total="12" passed="11">
  <reporter-output>
    <line>
      <![CDATA[<a href='F:\Selenium Learning from Naveen\MyLearningProjectHubSpotTDD\target\surefire-reports\failure_screenshots\verifyTextOfLoginPageTest_11_10_2020_02_17_18.png'> <img src='F:\Selenium Learning from Naveen\MyLearningProjectHubSpotTDD\target\surefire-reports\failure_screenshots\verifyTextOfLoginPageTest_11_10_2020_02_17_18.png' height='100' width='100'/> </a>]]>
    </line>
  </reporter-output>
  <suite name="HubSpot Test Automation Regression Suite" duration-ms="64446" started-at="2020-10-11T18:17:05Z" finished-at="2020-10-11T18:18:10Z">
    <groups>
    </groups>
    <test name="Login Page Test" duration-ms="15423" started-at="2020-10-11T18:17:05Z" finished-at="2020-10-11T18:17:20Z">
      <class name="com.qa.hubspot.tests.LoginPageTest">
        <test-method status="PASS" signature="setUp()[pri:0, instance:com.qa.hubspot.tests.LoginPageTest@c6a6c1d]" name="setUp" is-config="true" duration-ms="5253" started-at="2020-10-11T18:17:05Z" finished-at="2020-10-11T18:17:10Z">
          <reporter-output>
          </reporter-output>
        </test-method> <!-- setUp -->
        <test-method status="PASS" signature="beforeClass()[pri:0, instance:com.qa.hubspot.tests.LoginPageTest@c6a6c1d]" name="beforeClass" is-config="true" duration-ms="11" started-at="2020-10-11T18:17:10Z" finished-at="2020-10-11T18:17:10Z">
          <reporter-output>
          </reporter-output>
        </test-method> <!-- beforeClass -->
        <test-method status="PASS" signature="verifyLoginPageTitle()[pri:1, instance:com.qa.hubspot.tests.LoginPageTest@c6a6c1d]" name="verifyLoginPageTitle" duration-ms="4909" started-at="2020-10-11T18:17:10Z" finished-at="2020-10-11T18:17:15Z">
          <reporter-output>
          </reporter-output>
        </test-method> <!-- verifyLoginPageTitle -->
        <test-method status="PASS" signature="verifyIfLinkTextIsDisplayedInLoginPageTest()[pri:2, instance:com.qa.hubspot.tests.LoginPageTest@c6a6c1d]" name="verifyIfLinkTextIsDisplayedInLoginPageTest" duration-ms="740" started-at="2020-10-11T18:17:16Z" finished-at="2020-10-11T18:17:16Z">
          <reporter-output>
          </reporter-output>
        </test-method> <!-- verifyIfLinkTextIsDisplayedInLoginPageTest -->
        <test-method status="FAIL" signature="verifyTextOfLoginPageTest()[pri:3, instance:com.qa.hubspot.tests.LoginPageTest@c6a6c1d]" name="verifyTextOfLoginPageTest" duration-ms="640" started-at="2020-10-11T18:17:16Z" finished-at="2020-10-11T18:17:17Z">
          <exception class="java.lang.AssertionError">
            <message>
              <![CDATA[The following asserts failed:
expected [�2020 HubSpot, Inc. All Rights Reserved.] but found [©2020 HubSpot, Inc. All Rights Reserved.]]]>
            </message>
            <full-stacktrace>
              <![CDATA[java.lang.AssertionError: The following asserts failed:
expected [�2020 HubSpot, Inc. All Rights Reserved.] but found [©2020 HubSpot, Inc. All Rights Reserved.]
at org.testng.asserts.SoftAssert.assertAll(SoftAssert.java:43)
at com.qa.hubspot.tests.LoginPageTest.verifyTextOfLoginPageTest(LoginPageTest.java:50)
at sun.reflect.NativeMethodAccessorImpl.invoke0(Native Method)
at sun.reflect.NativeMethodAccessorImpl.invoke(Unknown Source)
at sun.reflect.DelegatingMethodAccessorImpl.invoke(Unknown Source)
at java.lang.reflect.Method.invoke(Unknown Source)
at org.testng.internal.MethodInvocationHelper.invokeMethod(MethodInvocationHelper.java:124)
at org.testng.internal.Invoker.invokeMethod(Invoker.java:583)
at org.testng.internal.Invoker.invokeTestMethod(Invoker.java:719)
at org.testng.internal.Invoker.invokeTestMethods(Invoker.java:989)
at org.testng.internal.TestMethodWorker.invokeTestMethods(TestMethodWorker.java:125)
at org.testng.internal.TestMethodWorker.run(TestMethodWorker.java:109)
at org.testng.TestRunner.privateRun(TestRunner.java:648)
at org.testng.TestRunner.run(TestRunner.java:505)
at org.testng.SuiteRunner.runTest(SuiteRunner.java:455)
at org.testng.SuiteRunner.runSequentially(SuiteRunner.java:450)
at org.testng.SuiteRunner.privateRun(SuiteRunner.java:415)
at org.testng.SuiteRunner.run(SuiteRunner.java:364)
at org.testng.SuiteRunnerWorker.runSuite(SuiteRunnerWorker.java:52)
at org.testng.SuiteRunnerWorker.run(SuiteRunnerWorker.java:84)
at org.testng.TestNG.runSuitesSequentially(TestNG.java:1208)
at org.testng.TestNG.runSuitesLocally(TestNG.java:1137)
at org.testng.TestNG.runSuites(TestNG.java:1049)
at org.testng.TestNG.run(TestNG.java:1017)
at org.testng.remote.AbstractRemoteTestNG.run(AbstractRemoteTestNG.java:115)
at org.testng.remote.RemoteTestNG.initAndRun(RemoteTestNG.java:251)
at org.testng.remote.RemoteTestNG.main(RemoteTestNG.java:77)
]]>
            </full-stacktrace>
          </exception> <!-- java.lang.AssertionError -->
          <reporter-output>
            <line>
              <![CDATA[<a href='F:\Selenium Learning from Naveen\MyLearningProjectHubSpotTDD\target\surefire-reports\failure_screenshots\verifyTextOfLoginPageTest_11_10_2020_02_17_18.png'> <img src='F:\Selenium Learning from Naveen\MyLearningProjectHubSpotTDD\target\surefire-reports\failure_screenshots\verifyTextOfLoginPageTest_11_10_2020_02_17_18.png' height='100' width='100'/> </a>]]>
            </line>
          </reporter-output>
        </test-method> <!-- verifyTextOfLoginPageTest -->
        <test-method status="PASS" signature="loginTest()[pri:4, instance:com.qa.hubspot.tests.LoginPageTest@c6a6c1d]" name="loginTest" duration-ms="1179" started-at="2020-10-11T18:17:19Z" finished-at="2020-10-11T18:17:20Z">
          <reporter-output>
          </reporter-output>
        </test-method> <!-- loginTest -->
        <test-method status="PASS" signature="afterClass()[pri:0, instance:com.qa.hubspot.tests.LoginPageTest@c6a6c1d]" name="afterClass" is-config="true" duration-ms="2" started-at="2020-10-11T18:17:20Z" finished-at="2020-10-11T18:17:20Z">
          <reporter-output>
          </reporter-output>
        </test-method> <!-- afterClass -->
        <test-method status="PASS" signature="tearDown()[pri:0, instance:com.qa.hubspot.tests.LoginPageTest@c6a6c1d]" name="tearDown" is-config="true" duration-ms="734" started-at="2020-10-11T18:17:20Z" finished-at="2020-10-11T18:17:20Z">
          <reporter-output>
          </reporter-output>
        </test-method> <!-- tearDown -->
      </class> <!-- com.qa.hubspot.tests.LoginPageTest -->
    </test> <!-- Login Page Test -->
    <test name="Home Page Test" duration-ms="22686" started-at="2020-10-11T18:17:21Z" finished-at="2020-10-11T18:17:44Z">
      <class name="com.qa.hubspot.tests.HomePageTest">
        <test-method status="PASS" signature="setUp()[pri:0, instance:com.qa.hubspot.tests.HomePageTest@344426bf]" name="setUp" is-config="true" duration-ms="4279" started-at="2020-10-11T18:17:21Z" finished-at="2020-10-11T18:17:25Z">
          <reporter-output>
          </reporter-output>
        </test-method> <!-- setUp -->
        <test-method status="PASS" signature="beforeClass()[pri:0, instance:com.qa.hubspot.tests.HomePageTest@344426bf]" name="beforeClass" is-config="true" duration-ms="1" started-at="2020-10-11T18:17:25Z" finished-at="2020-10-11T18:17:25Z">
          <reporter-output>
          </reporter-output>
        </test-method> <!-- beforeClass -->
        <test-method status="PASS" signature="homePageSetUp()[pri:0, instance:com.qa.hubspot.tests.HomePageTest@344426bf]" name="homePageSetUp" is-config="true" duration-ms="5668" started-at="2020-10-11T18:17:25Z" finished-at="2020-10-11T18:17:31Z">
          <reporter-output>
          </reporter-output>
        </test-method> <!-- homePageSetUp -->
        <test-method status="PASS" signature="verifyHomePageTitleTest()[pri:1, instance:com.qa.hubspot.tests.HomePageTest@344426bf]" name="verifyHomePageTitleTest" duration-ms="10863" started-at="2020-10-11T18:17:31Z" finished-at="2020-10-11T18:17:42Z">
          <reporter-output>
          </reporter-output>
        </test-method> <!-- verifyHomePageTitleTest -->
        <test-method status="PASS" signature="verifyHomePageHeaderTest()[pri:2, instance:com.qa.hubspot.tests.HomePageTest@344426bf]" name="verifyHomePageHeaderTest" duration-ms="568" started-at="2020-10-11T18:17:42Z" finished-at="2020-10-11T18:17:43Z">
          <reporter-output>
          </reporter-output>
        </test-method> <!-- verifyHomePageHeaderTest -->
        <test-method status="PASS" signature="verifyHeaderNavigationLinks()[pri:3, instance:com.qa.hubspot.tests.HomePageTest@344426bf]" name="verifyHeaderNavigationLinks" duration-ms="164" started-at="2020-10-11T18:17:43Z" finished-at="2020-10-11T18:17:43Z">
          <reporter-output>
          </reporter-output>
        </test-method> <!-- verifyHeaderNavigationLinks -->
        <test-method status="PASS" signature="verifyHomePageLoggedInUserNameAndUserIDTest()[pri:4, instance:com.qa.hubspot.tests.HomePageTest@344426bf]" name="verifyHomePageLoggedInUserNameAndUserIDTest" duration-ms="383" started-at="2020-10-11T18:17:43Z" finished-at="2020-10-11T18:17:43Z">
          <reporter-output>
          </reporter-output>
        </test-method> <!-- verifyHomePageLoggedInUserNameAndUserIDTest -->
        <test-method status="PASS" signature="afterClass()[pri:0, instance:com.qa.hubspot.tests.HomePageTest@344426bf]" name="afterClass" is-config="true" duration-ms="0" started-at="2020-10-11T18:17:43Z" finished-at="2020-10-11T18:17:43Z">
          <reporter-output>
          </reporter-output>
        </test-method> <!-- afterClass -->
        <test-method status="PASS" signature="tearDown()[pri:0, instance:com.qa.hubspot.tests.HomePageTest@344426bf]" name="tearDown" is-config="true" duration-ms="725" started-at="2020-10-11T18:17:43Z" finished-at="2020-10-11T18:17:44Z">
          <reporter-output>
          </reporter-output>
        </test-method> <!-- tearDown -->
      </class> <!-- com.qa.hubspot.tests.HomePageTest -->
    </test> <!-- Home Page Test -->
    <test name="Contacts Page Test" duration-ms="25527" started-at="2020-10-11T18:17:44Z" finished-at="2020-10-11T18:18:10Z">
      <class name="com.qa.hubspot.tests.HomePageTest">
        <test-method status="PASS" signature="setUp()[pri:0, instance:com.qa.hubspot.tests.HomePageTest@2764c546]" name="setUp" is-config="true" duration-ms="3967" started-at="2020-10-11T18:17:44Z" finished-at="2020-10-11T18:17:48Z">
          <reporter-output>
          </reporter-output>
        </test-method> <!-- setUp -->
        <test-method status="PASS" signature="beforeClass()[pri:0, instance:com.qa.hubspot.tests.HomePageTest@2764c546]" name="beforeClass" is-config="true" duration-ms="0" started-at="2020-10-11T18:17:48Z" finished-at="2020-10-11T18:17:48Z">
          <reporter-output>
          </reporter-output>
        </test-method> <!-- beforeClass -->
        <test-method status="PASS" signature="homePageSetUp()[pri:0, instance:com.qa.hubspot.tests.HomePageTest@2764c546]" name="homePageSetUp" is-config="true" duration-ms="6609" started-at="2020-10-11T18:17:48Z" finished-at="2020-10-11T18:17:55Z">
          <reporter-output>
          </reporter-output>
        </test-method> <!-- homePageSetUp -->
        <test-method status="PASS" signature="verifyHomePageTitleTest()[pri:1, instance:com.qa.hubspot.tests.HomePageTest@2764c546]" name="verifyHomePageTitleTest" duration-ms="13648" started-at="2020-10-11T18:17:55Z" finished-at="2020-10-11T18:18:08Z">
          <reporter-output>
          </reporter-output>
        </test-method> <!-- verifyHomePageTitleTest -->
        <test-method status="PASS" signature="verifyHomePageHeaderTest()[pri:2, instance:com.qa.hubspot.tests.HomePageTest@2764c546]" name="verifyHomePageHeaderTest" duration-ms="55" started-at="2020-10-11T18:18:08Z" finished-at="2020-10-11T18:18:08Z">
          <reporter-output>
          </reporter-output>
        </test-method> <!-- verifyHomePageHeaderTest -->
        <test-method status="PASS" signature="verifyHeaderNavigationLinks()[pri:3, instance:com.qa.hubspot.tests.HomePageTest@2764c546]" name="verifyHeaderNavigationLinks" duration-ms="84" started-at="2020-10-11T18:18:08Z" finished-at="2020-10-11T18:18:08Z">
          <reporter-output>
          </reporter-output>
        </test-method> <!-- verifyHeaderNavigationLinks -->
        <test-method status="PASS" signature="verifyHomePageLoggedInUserNameAndUserIDTest()[pri:4, instance:com.qa.hubspot.tests.HomePageTest@2764c546]" name="verifyHomePageLoggedInUserNameAndUserIDTest" duration-ms="368" started-at="2020-10-11T18:18:08Z" finished-at="2020-10-11T18:18:09Z">
          <reporter-output>
          </reporter-output>
        </test-method> <!-- verifyHomePageLoggedInUserNameAndUserIDTest -->
        <test-method status="PASS" signature="afterClass()[pri:0, instance:com.qa.hubspot.tests.HomePageTest@2764c546]" name="afterClass" is-config="true" duration-ms="1" started-at="2020-10-11T18:18:09Z" finished-at="2020-10-11T18:18:09Z">
          <reporter-output>
          </reporter-output>
        </test-method> <!-- afterClass -->
        <test-method status="PASS" signature="tearDown()[pri:0, instance:com.qa.hubspot.tests.HomePageTest@2764c546]" name="tearDown" is-config="true" duration-ms="731" started-at="2020-10-11T18:18:09Z" finished-at="2020-10-11T18:18:10Z">
          <reporter-output>
          </reporter-output>
        </test-method> <!-- tearDown -->
      </class> <!-- com.qa.hubspot.tests.HomePageTest -->
    </test> <!-- Contacts Page Test -->
  </suite> <!-- HubSpot Test Automation Regression Suite -->
</testng-results>
